2020-07-03 15:32:55.136  INFO 13164 --- [main] c.c.c.ConfigServicePropertySourceLocator : Fetching config from server at : http://localhost:8012
2020-07-03 15:32:55.299  INFO 13164 --- [main] c.c.c.ConfigServicePropertySourceLocator : Connect Timeout Exception on Url - http://localhost:8012. Will be trying the next url if available
2020-07-03 15:32:55.301  WARN 13164 --- [main] c.c.c.ConfigServicePropertySourceLocator : Could not locate PropertySource: I/O error on GET request for "http://localhost:8012/PhotoAppApiConfigServer/default": Connection refused; nested exception is java.net.ConnectException: Connection refused
2020-07-03 15:32:55.323  INFO 13164 --- [main] .a.a.P.PhotoAppApiAlbumsApplicationTests : No active profile set, falling back to default profiles: default
2020-07-03 15:32:56.756  WARN 13164 --- [main] o.s.boot.actuate.endpoint.EndpointId     : Endpoint ID 'bus-env' contains invalid characters, please migrate to a valid format.
2020-07-03 15:32:57.025  WARN 13164 --- [main] o.s.boot.actuate.endpoint.EndpointId     : Endpoint ID 'bus-refresh' contains invalid characters, please migrate to a valid format.
2020-07-03 15:32:57.119  WARN 13164 --- [main] o.s.boot.actuate.endpoint.EndpointId     : Endpoint ID 'service-registry' contains invalid characters, please migrate to a valid format.
2020-07-03 15:32:57.404  INFO 13164 --- [main] o.s.cloud.context.scope.GenericScope     : BeanFactory id=869e88e0-475c-3ad0-81ac-5a9f8d6a27bf
2020-07-03 15:32:57.626  INFO 13164 --- [main] faultConfiguringBeanFactoryPostProcessor : No bean named 'errorChannel' has been explicitly defined. Therefore, a default PublishSubscribeChannel will be created.
2020-07-03 15:32:57.635  INFO 13164 --- [main] faultConfiguringBeanFactoryPostProcessor : No bean named 'taskScheduler' has been explicitly defined. Therefore, a default ThreadPoolTaskScheduler will be created.
2020-07-03 15:32:57.644  INFO 13164 --- [main] faultConfiguringBeanFactoryPostProcessor : No bean named 'integrationHeaderChannelRegistry' has been explicitly defined. Therefore, a default DefaultHeaderChannelRegistry will be created.
2020-07-03 15:32:57.833  INFO 13164 --- [main] trationDelegate$BeanPostProcessorChecker : Bean 'integrationChannelResolver' of type [org.springframework.integration.support.channel.BeanFactoryChannelResolver] is not eligible for getting processed by all BeanPostProcessors (for example: not eligible for auto-proxying)
2020-07-03 15:32:57.839  INFO 13164 --- [main] trationDelegate$BeanPostProcessorChecker : Bean 'integrationDisposableAutoCreatedBeans' of type [org.springframework.integration.config.annotation.Disposables] is not eligible for getting processed by all BeanPostProcessors (for example: not eligible for auto-proxying)
2020-07-03 15:32:57.889  INFO 13164 --- [main] trationDelegate$BeanPostProcessorChecker : Bean 'org.springframework.integration.config.IntegrationManagementConfiguration' of type [org.springframework.integration.config.IntegrationManagementConfiguration] is not eligible for getting processed by all BeanPostProcessors (for example: not eligible for auto-proxying)
2020-07-03 15:32:58.416  WARN 13164 --- [main] c.n.c.sources.URLConfigurationSource     : No URLs will be polled as dynamic configuration sources.
2020-07-03 15:32:58.416  INFO 13164 --- [main] c.n.c.sources.URLConfigurationSource     : To enable URLs as dynamic configuration sources, define System property archaius.configurationSource.additionalUrls or make config.properties available on classpath.
2020-07-03 15:32:58.425  WARN 13164 --- [main] c.n.c.sources.URLConfigurationSource     : No URLs will be polled as dynamic configuration sources.
2020-07-03 15:32:58.425  INFO 13164 --- [main] c.n.c.sources.URLConfigurationSource     : To enable URLs as dynamic configuration sources, define System property archaius.configurationSource.additionalUrls or make config.properties available on classpath.
2020-07-03 15:32:59.305  INFO 13164 --- [main] o.s.s.concurrent.ThreadPoolTaskExecutor  : Initializing ExecutorService 'applicationTaskExecutor'
2020-07-03 15:33:00.990  INFO 13164 --- [main] o.s.s.c.ThreadPoolTaskScheduler          : Initializing ExecutorService 'taskScheduler'
2020-07-03 15:33:01.019  INFO 13164 --- [main] onConfiguration$FunctionBindingRegistrar : Functional binding is disabled due to the presense of @EnableBinding annotation in your configuration
2020-07-03 15:33:01.595  WARN 13164 --- [main] ockingLoadBalancerClientRibbonWarnLogger : You already have RibbonLoadBalancerClient on your classpath. It will be used by default. As Spring Cloud Ribbon is in maintenance mode. We recommend switching to BlockingLoadBalancerClient instead. In order to use it, set the value of `spring.cloud.loadbalancer.ribbon.enabled` to `false` or remove spring-cloud-starter-netflix-ribbon from your project.
2020-07-03 15:33:01.864  INFO 13164 --- [main] o.s.b.a.e.web.EndpointLinksResolver      : Exposing 2 endpoint(s) beneath base path '/actuator'
2020-07-03 15:33:02.316  INFO 13164 --- [main] o.s.c.s.m.DirectWithAttributesChannel    : Channel 'application-1.springCloudBusInput' has 1 subscriber(s).
2020-07-03 15:33:02.450  INFO 13164 --- [main] o.s.i.endpoint.EventDrivenConsumer       : Adding {logging-channel-adapter:_org.springframework.integration.errorLogger} as a subscriber to the 'errorChannel' channel
2020-07-03 15:33:02.475  INFO 13164 --- [main] o.s.i.channel.PublishSubscribeChannel    : Channel 'application-1.errorChannel' has 1 subscriber(s).
2020-07-03 15:33:02.476  INFO 13164 --- [main] o.s.i.endpoint.EventDrivenConsumer       : started bean '_org.springframework.integration.errorLogger'
2020-07-03 15:33:02.480  INFO 13164 --- [main] o.s.c.s.binder.DefaultBinderFactory      : Creating binder: rabbit
2020-07-03 15:33:02.699  INFO 13164 --- [main] c.c.c.ConfigServicePropertySourceLocator : Fetching config from server at : http://localhost:8012
2020-07-03 15:33:02.725  INFO 13164 --- [main] c.c.c.ConfigServicePropertySourceLocator : Connect Timeout Exception on Url - http://localhost:8012. Will be trying the next url if available
2020-07-03 15:33:02.725  WARN 13164 --- [main] c.c.c.ConfigServicePropertySourceLocator : Could not locate PropertySource: I/O error on GET request for "http://localhost:8012/PhotoAppApiConfigServer/default": Connection refused; nested exception is java.net.ConnectException: Connection refused
2020-07-03 15:33:03.395  INFO 13164 --- [main] o.s.c.s.binder.DefaultBinderFactory      : Caching the binder: rabbit
2020-07-03 15:33:03.395  INFO 13164 --- [main] o.s.c.s.binder.DefaultBinderFactory      : Retrieving cached binder: rabbit
2020-07-03 15:33:03.715  INFO 13164 --- [main] o.s.a.r.c.CachingConnectionFactory       : Attempting to connect to: [localhost:5672]
2020-07-03 15:33:03.790  INFO 13164 --- [main] o.s.c.s.m.DirectWithAttributesChannel    : Channel 'application-1.springCloudBusOutput' has 1 subscriber(s).
2020-07-03 15:33:03.828  INFO 13164 --- [main] o.s.c.s.binder.DefaultBinderFactory      : Retrieving cached binder: rabbit
2020-07-03 15:33:04.123  INFO 13164 --- [main] c.s.b.r.p.RabbitExchangeQueueProvisioner : declaring queue for inbound: springCloudBus.anonymous.Bwr2i6CQSqGmWLCBnKLcZA, bound to: springCloudBus
2020-07-03 15:33:04.126  INFO 13164 --- [main] o.s.a.r.c.CachingConnectionFactory       : Attempting to connect to: [localhost:5672]
2020-07-03 15:33:04.129  INFO 13164 --- [main] o.s.a.r.c.CachingConnectionFactory       : Attempting to connect to: [localhost:5672]
2020-07-03 15:33:04.135  INFO 13164 --- [main] o.s.a.r.c.CachingConnectionFactory       : Attempting to connect to: [localhost:5672]
2020-07-03 15:33:04.195  INFO 13164 --- [main] o.s.c.stream.binder.BinderErrorChannel   : Channel 'springCloudBus.anonymous.Bwr2i6CQSqGmWLCBnKLcZA.errors' has 1 subscriber(s).
2020-07-03 15:33:04.208  INFO 13164 --- [main] o.s.c.stream.binder.BinderErrorChannel   : Channel 'springCloudBus.anonymous.Bwr2i6CQSqGmWLCBnKLcZA.errors' has 2 subscriber(s).
2020-07-03 15:33:04.211  INFO 13164 --- [main] o.s.a.r.c.CachingConnectionFactory       : Attempting to connect to: [localhost:5672]
2020-07-03 15:33:04.214  INFO 13164 --- [main] o.s.a.r.l.SimpleMessageListenerContainer : Broker not available; cannot force queue declarations during start: java.net.ConnectException: Connection refused
2020-07-03 15:33:04.246  INFO 13164 --- [springCloudBus.anonymous.Bwr2i6CQSqGmWLCBnKLcZA-1] o.s.a.r.c.CachingConnectionFactory       : Attempting to connect to: [localhost:5672]
2020-07-03 15:33:04.251  INFO 13164 --- [main] o.s.i.a.i.AmqpInboundChannelAdapter      : started bean 'inbound.springCloudBus.anonymous.Bwr2i6CQSqGmWLCBnKLcZA'
2020-07-03 15:33:04.363  INFO 13164 --- [main] .a.a.P.PhotoAppApiAlbumsApplicationTests : Started PhotoAppApiAlbumsApplicationTests in 10.532 seconds (JVM running for 12.147)
2020-07-03 15:33:05.926  INFO 13164 --- [SpringContextShutdownHook] o.s.c.n.eureka.InstanceInfoFactory       : Setting initial instance status as: STARTING
2020-07-03 15:33:05.941  INFO 13164 --- [SpringContextShutdownHook] o.s.c.n.e.s.EurekaServiceRegistry        : Unregistering application ALBUMS-WS with eureka with status DOWN
2020-07-03 15:33:05.966  INFO 13164 --- [SpringContextShutdownHook] o.s.a.r.l.SimpleMessageListenerContainer : Waiting for workers to finish.
2020-07-03 15:33:05.967  INFO 13164 --- [SpringContextShutdownHook] o.s.a.r.l.SimpleMessageListenerContainer : Successfully waited for workers to finish.
2020-07-03 15:33:05.970  INFO 13164 --- [SpringContextShutdownHook] o.s.i.a.i.AmqpInboundChannelAdapter      : stopped bean 'inbound.springCloudBus.anonymous.Bwr2i6CQSqGmWLCBnKLcZA'
2020-07-03 15:33:06.070  INFO 13164 --- [SpringContextShutdownHook] o.s.c.stream.binder.BinderErrorChannel   : Channel 'application-1.springCloudBus.anonymous.Bwr2i6CQSqGmWLCBnKLcZA.errors' has 1 subscriber(s).
2020-07-03 15:33:06.071  INFO 13164 --- [SpringContextShutdownHook] o.s.c.stream.binder.BinderErrorChannel   : Channel 'application-1.springCloudBus.anonymous.Bwr2i6CQSqGmWLCBnKLcZA.errors' has 0 subscriber(s).
2020-07-03 15:33:06.080  INFO 13164 --- [SpringContextShutdownHook] o.s.i.endpoint.EventDrivenConsumer       : Removing {logging-channel-adapter:_org.springframework.integration.errorLogger} as a subscriber to the 'errorChannel' channel
2020-07-03 15:33:06.083  INFO 13164 --- [SpringContextShutdownHook] o.s.i.channel.PublishSubscribeChannel    : Channel 'application-1.errorChannel' has 0 subscriber(s).
2020-07-03 15:33:06.083  INFO 13164 --- [SpringContextShutdownHook] o.s.i.endpoint.EventDrivenConsumer       : stopped bean '_org.springframework.integration.errorLogger'
2020-07-03 15:33:06.096  INFO 13164 --- [SpringContextShutdownHook] o.s.s.c.ThreadPoolTaskScheduler          : Shutting down ExecutorService 'taskScheduler'
2020-07-03 15:33:06.108  INFO 13164 --- [SpringContextShutdownHook] o.s.s.concurrent.ThreadPoolTaskExecutor  : Shutting down ExecutorService 'applicationTaskExecutor'
